{"/home/submari/MielentilaTHL/mielentilatutkimus-thl/backend/app.js": {"path":"/home/submari/MielentilaTHL/mielentilatutkimus-thl/backend/app.js","statementMap":{"0":{"start":{"line":1,"column":16},"end":{"line":1,"column":34}},"1":{"start":{"line":2,"column":12},"end":{"line":2,"column":21}},"2":{"start":{"line":3,"column":0},"end":{"line":3,"column":32}},"3":{"start":{"line":4,"column":13},"end":{"line":4,"column":28}},"4":{"start":{"line":5,"column":15},"end":{"line":5,"column":32}},"5":{"start":{"line":6,"column":15},"end":{"line":6,"column":40}},"6":{"start":{"line":7,"column":13},"end":{"line":7,"column":28}},"7":{"start":{"line":9,"column":0},"end":{"line":9,"column":15}},"8":{"start":{"line":11,"column":0},"end":{"line":11,"column":72}},"9":{"start":{"line":11,"column":38},"end":{"line":11,"column":69}},"10":{"start":{"line":13,"column":25},"end":{"line":13,"column":60}},"11":{"start":{"line":15,"column":17},"end":{"line":15,"column":36}},"12":{"start":{"line":16,"column":0},"end":{"line":20,"column":2}},"13":{"start":{"line":17,"column":4},"end":{"line":17,"column":37}},"14":{"start":{"line":19,"column":4},"end":{"line":19,"column":35}},"15":{"start":{"line":24,"column":0},"end":{"line":24,"column":23}},"16":{"start":{"line":27,"column":0},"end":{"line":29,"column":1}},"17":{"start":{"line":28,"column":4},"end":{"line":28,"column":67}},"18":{"start":{"line":31,"column":0},"end":{"line":31,"column":44}},"19":{"start":{"line":34,"column":0},"end":{"line":34,"column":77}},"20":{"start":{"line":34,"column":27},"end":{"line":34,"column":76}},"21":{"start":{"line":36,"column":0},"end":{"line":36,"column":20}}},"fnMap":{"0":{"name":"(anonymous_0)","decl":{"start":{"line":11,"column":21},"end":{"line":11,"column":22}},"loc":{"start":{"line":11,"column":36},"end":{"line":11,"column":71}},"line":11},"1":{"name":"(anonymous_1)","decl":{"start":{"line":16,"column":43},"end":{"line":16,"column":44}},"loc":{"start":{"line":16,"column":49},"end":{"line":17,"column":38}},"line":16},"2":{"name":"(anonymous_2)","decl":{"start":{"line":18,"column":8},"end":{"line":18,"column":9}},"loc":{"start":{"line":18,"column":14},"end":{"line":20,"column":1}},"line":18},"3":{"name":"(anonymous_3)","decl":{"start":{"line":34,"column":13},"end":{"line":34,"column":14}},"loc":{"start":{"line":34,"column":27},"end":{"line":34,"column":76}},"line":34}},"branchMap":{"0":{"loc":{"start":{"line":27,"column":0},"end":{"line":29,"column":1}},"type":"if","locations":[{"start":{"line":27,"column":0},"end":{"line":29,"column":1}},{"start":{"line":27,"column":0},"end":{"line":29,"column":1}}],"line":27}},"s":{"0":2,"1":2,"2":2,"3":2,"4":2,"5":2,"6":2,"7":2,"8":2,"9":0,"10":2,"11":2,"12":2,"13":2,"14":0,"15":2,"16":2,"17":0,"18":2,"19":2,"20":1,"21":2},"f":{"0":0,"1":2,"2":0,"3":1},"b":{"0":[0,2]},"_coverageSchema":"1a1c01bbd47fc00a2c39e90264f33305004495a9","hash":"bc4e6e8eeeb43fd6eba53c64a6217dac562fa01a"}
,"/home/submari/MielentilaTHL/mielentilatutkimus-thl/backend/controllers/admissions.js": {"path":"/home/submari/MielentilaTHL/mielentilatutkimus-thl/backend/controllers/admissions.js","statementMap":{"0":{"start":{"line":1,"column":15},"end":{"line":1,"column":47}},"1":{"start":{"line":2,"column":19},"end":{"line":2,"column":55}},"2":{"start":{"line":4,"column":19},"end":{"line":4,"column":48}},"3":{"start":{"line":6,"column":25},"end":{"line":6,"column":52}},"4":{"start":{"line":8,"column":22},"end":{"line":8,"column":65}},"5":{"start":{"line":9,"column":29},"end":{"line":9,"column":79}},"6":{"start":{"line":11,"column":0},"end":{"line":14,"column":2}},"7":{"start":{"line":12,"column":27},"end":{"line":12,"column":55}},"8":{"start":{"line":13,"column":4},"end":{"line":13,"column":75}},"9":{"start":{"line":13,"column":51},"end":{"line":13,"column":73}},"10":{"start":{"line":16,"column":0},"end":{"line":19,"column":2}},"11":{"start":{"line":17,"column":17},"end":{"line":17,"column":87}},"12":{"start":{"line":17,"column":69},"end":{"line":17,"column":85}},"13":{"start":{"line":18,"column":4},"end":{"line":18,"column":81}},"14":{"start":{"line":18,"column":30},"end":{"line":18,"column":52}},"15":{"start":{"line":18,"column":66},"end":{"line":18,"column":79}},"16":{"start":{"line":21,"column":0},"end":{"line":37,"column":2}},"17":{"start":{"line":22,"column":17},"end":{"line":22,"column":25}},"18":{"start":{"line":24,"column":33},"end":{"line":31,"column":6}},"19":{"start":{"line":32,"column":22},"end":{"line":32,"column":55}},"20":{"start":{"line":33,"column":4},"end":{"line":33,"column":32}},"21":{"start":{"line":35,"column":4},"end":{"line":35,"column":72}},"22":{"start":{"line":46,"column":0},"end":{"line":106,"column":2}},"23":{"start":{"line":47,"column":17},"end":{"line":47,"column":25}},"24":{"start":{"line":49,"column":17},"end":{"line":98,"column":5}},"25":{"start":{"line":100,"column":4},"end":{"line":103,"column":10}},"26":{"start":{"line":102,"column":12},"end":{"line":102,"column":42}},"27":{"start":{"line":109,"column":0},"end":{"line":168,"column":2}},"28":{"start":{"line":110,"column":17},"end":{"line":110,"column":25}},"29":{"start":{"line":112,"column":26},"end":{"line":162,"column":6}},"30":{"start":{"line":163,"column":22},"end":{"line":163,"column":48}},"31":{"start":{"line":164,"column":4},"end":{"line":164,"column":32}},"32":{"start":{"line":166,"column":4},"end":{"line":166,"column":87}},"33":{"start":{"line":171,"column":0},"end":{"line":185,"column":2}},"34":{"start":{"line":173,"column":4},"end":{"line":184,"column":5}},"35":{"start":{"line":174,"column":8},"end":{"line":174,"column":34}},"36":{"start":{"line":175,"column":8},"end":{"line":175,"column":39}},"37":{"start":{"line":177,"column":8},"end":{"line":177,"column":46}},"38":{"start":{"line":178,"column":8},"end":{"line":178,"column":104}},"39":{"start":{"line":180,"column":8},"end":{"line":180,"column":47}},"40":{"start":{"line":182,"column":8},"end":{"line":182,"column":24}},"41":{"start":{"line":183,"column":8},"end":{"line":183,"column":46}},"42":{"start":{"line":187,"column":0},"end":{"line":187,"column":33}}},"fnMap":{"0":{"name":"(anonymous_0)","decl":{"start":{"line":11,"column":26},"end":{"line":11,"column":27}},"loc":{"start":{"line":11,"column":46},"end":{"line":14,"column":1}},"line":11},"1":{"name":"(anonymous_1)","decl":{"start":{"line":13,"column":32},"end":{"line":13,"column":33}},"loc":{"start":{"line":13,"column":51},"end":{"line":13,"column":73}},"line":13},"2":{"name":"(anonymous_2)","decl":{"start":{"line":16,"column":47},"end":{"line":16,"column":48}},"loc":{"start":{"line":16,"column":67},"end":{"line":19,"column":1}},"line":16},"3":{"name":"(anonymous_3)","decl":{"start":{"line":17,"column":59},"end":{"line":17,"column":60}},"loc":{"start":{"line":17,"column":68},"end":{"line":17,"column":86}},"line":17},"4":{"name":"(anonymous_4)","decl":{"start":{"line":18,"column":25},"end":{"line":18,"column":26}},"loc":{"start":{"line":18,"column":30},"end":{"line":18,"column":52}},"line":18},"5":{"name":"(anonymous_5)","decl":{"start":{"line":18,"column":58},"end":{"line":18,"column":59}},"loc":{"start":{"line":18,"column":66},"end":{"line":18,"column":79}},"line":18},"6":{"name":"(anonymous_6)","decl":{"start":{"line":21,"column":49},"end":{"line":21,"column":50}},"loc":{"start":{"line":21,"column":69},"end":{"line":37,"column":1}},"line":21},"7":{"name":"(anonymous_7)","decl":{"start":{"line":46,"column":33},"end":{"line":46,"column":34}},"loc":{"start":{"line":46,"column":53},"end":{"line":106,"column":1}},"line":46},"8":{"name":"(anonymous_8)","decl":{"start":{"line":101,"column":14},"end":{"line":101,"column":15}},"loc":{"start":{"line":101,"column":29},"end":{"line":103,"column":9}},"line":101},"9":{"name":"(anonymous_9)","decl":{"start":{"line":109,"column":41},"end":{"line":109,"column":42}},"loc":{"start":{"line":109,"column":61},"end":{"line":168,"column":1}},"line":109},"10":{"name":"(anonymous_10)","decl":{"start":{"line":171,"column":56},"end":{"line":171,"column":57}},"loc":{"start":{"line":171,"column":76},"end":{"line":185,"column":1}},"line":171}},"branchMap":{},"s":{"0":2,"1":2,"2":2,"3":2,"4":2,"5":2,"6":2,"7":1,"8":1,"9":1,"10":2,"11":2,"12":0,"13":2,"14":2,"15":1,"16":2,"17":2,"18":2,"19":2,"20":2,"21":2,"22":2,"23":1,"24":1,"25":1,"26":1,"27":2,"28":3,"29":3,"30":3,"31":3,"32":3,"33":2,"34":0,"35":0,"36":0,"37":0,"38":0,"39":0,"40":0,"41":0,"42":2},"f":{"0":1,"1":1,"2":2,"3":0,"4":2,"5":1,"6":2,"7":1,"8":1,"9":3,"10":0},"b":{},"_coverageSchema":"1a1c01bbd47fc00a2c39e90264f33305004495a9","hash":"e97ab5daa2360ee66214c365e4491bf59e18db17"}
,"/home/submari/MielentilaTHL/mielentilatutkimus-thl/backend/models/admissionForm.model.js": {"path":"/home/submari/MielentilaTHL/mielentilatutkimus-thl/backend/models/admissionForm.model.js","statementMap":{"0":{"start":{"line":1,"column":17},"end":{"line":1,"column":36}},"1":{"start":{"line":3,"column":22},"end":{"line":53,"column":19}},"2":{"start":{"line":55,"column":0},"end":{"line":61,"column":2}},"3":{"start":{"line":57,"column":8},"end":{"line":57,"column":57}},"4":{"start":{"line":58,"column":8},"end":{"line":58,"column":33}},"5":{"start":{"line":59,"column":8},"end":{"line":59,"column":33}},"6":{"start":{"line":63,"column":0},"end":{"line":63,"column":65}}},"fnMap":{"0":{"name":"(anonymous_0)","decl":{"start":{"line":56,"column":15},"end":{"line":56,"column":16}},"loc":{"start":{"line":56,"column":45},"end":{"line":60,"column":5}},"line":56}},"branchMap":{},"s":{"0":3,"1":3,"2":3,"3":14,"4":14,"5":14,"6":3},"f":{"0":14},"b":{},"_coverageSchema":"1a1c01bbd47fc00a2c39e90264f33305004495a9","hash":"219896c7c464caecdb94e7633751ea1405cf7592"}
,"/home/submari/MielentilaTHL/mielentilatutkimus-thl/backend/models/attachmentForm.model.js": {"path":"/home/submari/MielentilaTHL/mielentilatutkimus-thl/backend/models/attachmentForm.model.js","statementMap":{"0":{"start":{"line":1,"column":17},"end":{"line":1,"column":36}},"1":{"start":{"line":3,"column":23},"end":{"line":7,"column":2}},"2":{"start":{"line":9,"column":0},"end":{"line":15,"column":2}},"3":{"start":{"line":11,"column":8},"end":{"line":11,"column":57}},"4":{"start":{"line":12,"column":8},"end":{"line":12,"column":33}},"5":{"start":{"line":13,"column":8},"end":{"line":13,"column":33}},"6":{"start":{"line":17,"column":0},"end":{"line":17,"column":67}}},"fnMap":{"0":{"name":"(anonymous_0)","decl":{"start":{"line":10,"column":15},"end":{"line":10,"column":16}},"loc":{"start":{"line":10,"column":45},"end":{"line":14,"column":5}},"line":10}},"branchMap":{},"s":{"0":2,"1":2,"2":2,"3":0,"4":0,"5":0,"6":2},"f":{"0":0},"b":{},"_coverageSchema":"1a1c01bbd47fc00a2c39e90264f33305004495a9","hash":"39f25d76640d4aba4151badbf79bc6b234ca983a"}
,"/home/submari/MielentilaTHL/mielentilatutkimus-thl/backend/models/basicInformationForm.model.js": {"path":"/home/submari/MielentilaTHL/mielentilatutkimus-thl/backend/models/basicInformationForm.model.js","statementMap":{"0":{"start":{"line":1,"column":17},"end":{"line":1,"column":36}},"1":{"start":{"line":3,"column":29},"end":{"line":17,"column":2}},"2":{"start":{"line":19,"column":0},"end":{"line":25,"column":2}},"3":{"start":{"line":21,"column":8},"end":{"line":21,"column":57}},"4":{"start":{"line":22,"column":8},"end":{"line":22,"column":33}},"5":{"start":{"line":23,"column":8},"end":{"line":23,"column":33}},"6":{"start":{"line":27,"column":0},"end":{"line":27,"column":79}}},"fnMap":{"0":{"name":"(anonymous_0)","decl":{"start":{"line":20,"column":15},"end":{"line":20,"column":16}},"loc":{"start":{"line":20,"column":45},"end":{"line":24,"column":5}},"line":20}},"branchMap":{},"s":{"0":3,"1":3,"2":3,"3":7,"4":7,"5":7,"6":3},"f":{"0":7},"b":{},"_coverageSchema":"1a1c01bbd47fc00a2c39e90264f33305004495a9","hash":"144321e0f844f47043842c6f17716dd5eb9bee73"}
,"/home/submari/MielentilaTHL/mielentilatutkimus-thl/backend/services/attachment.js": {"path":"/home/submari/MielentilaTHL/mielentilatutkimus-thl/backend/services/attachment.js","statementMap":{"0":{"start":{"line":1,"column":23},"end":{"line":1,"column":67}},"1":{"start":{"line":2,"column":29},"end":{"line":2,"column":79}},"2":{"start":{"line":6,"column":27},"end":{"line":11,"column":6}},"3":{"start":{"line":13,"column":4},"end":{"line":24,"column":6}},"4":{"start":{"line":13,"column":50},"end":{"line":24,"column":5}},"5":{"start":{"line":27,"column":0},"end":{"line":27,"column":31}}},"fnMap":{"0":{"name":"attachFile","decl":{"start":{"line":4,"column":15},"end":{"line":4,"column":25}},"loc":{"start":{"line":4,"column":77},"end":{"line":25,"column":1}},"line":4},"1":{"name":"(anonymous_1)","decl":{"start":{"line":13,"column":37},"end":{"line":13,"column":38}},"loc":{"start":{"line":13,"column":50},"end":{"line":24,"column":5}},"line":13}},"branchMap":{},"s":{"0":2,"1":2,"2":0,"3":0,"4":0,"5":2},"f":{"0":0,"1":0},"b":{},"_coverageSchema":"1a1c01bbd47fc00a2c39e90264f33305004495a9","hash":"0df5efa10473b8221d023bd29186fb9ce36af9c7"}
,"/home/submari/MielentilaTHL/mielentilatutkimus-thl/backend/services/mailer.js": {"path":"/home/submari/MielentilaTHL/mielentilatutkimus-thl/backend/services/mailer.js","statementMap":{"0":{"start":{"line":1,"column":15},"end":{"line":1,"column":41}},"1":{"start":{"line":2,"column":15},"end":{"line":2,"column":41}},"2":{"start":{"line":3,"column":19},"end":{"line":3,"column":40}},"3":{"start":{"line":6,"column":18},"end":{"line":11,"column":2}},"4":{"start":{"line":13,"column":32},"end":{"line":28,"column":1}},"5":{"start":{"line":14,"column":22},"end":{"line":19,"column":5}},"6":{"start":{"line":20,"column":4},"end":{"line":27,"column":6}},"7":{"start":{"line":21,"column":8},"end":{"line":23,"column":9}},"8":{"start":{"line":22,"column":12},"end":{"line":22,"column":28}},"9":{"start":{"line":24,"column":8},"end":{"line":26,"column":9}},"10":{"start":{"line":25,"column":12},"end":{"line":25,"column":29}},"11":{"start":{"line":30,"column":25},"end":{"line":46,"column":1}},"12":{"start":{"line":31,"column":22},"end":{"line":37,"column":5}},"13":{"start":{"line":38,"column":4},"end":{"line":45,"column":6}},"14":{"start":{"line":39,"column":8},"end":{"line":41,"column":9}},"15":{"start":{"line":40,"column":12},"end":{"line":40,"column":28}},"16":{"start":{"line":42,"column":8},"end":{"line":44,"column":9}},"17":{"start":{"line":43,"column":12},"end":{"line":43,"column":29}},"18":{"start":{"line":49,"column":0},"end":{"line":49,"column":62}}},"fnMap":{"0":{"name":"(anonymous_0)","decl":{"start":{"line":13,"column":32},"end":{"line":13,"column":33}},"loc":{"start":{"line":13,"column":47},"end":{"line":28,"column":1}},"line":13},"1":{"name":"(anonymous_1)","decl":{"start":{"line":20,"column":38},"end":{"line":20,"column":39}},"loc":{"start":{"line":20,"column":53},"end":{"line":27,"column":5}},"line":20},"2":{"name":"(anonymous_2)","decl":{"start":{"line":30,"column":25},"end":{"line":30,"column":26}},"loc":{"start":{"line":30,"column":56},"end":{"line":46,"column":1}},"line":30},"3":{"name":"(anonymous_3)","decl":{"start":{"line":38,"column":38},"end":{"line":38,"column":39}},"loc":{"start":{"line":38,"column":53},"end":{"line":45,"column":5}},"line":38}},"branchMap":{"0":{"loc":{"start":{"line":21,"column":8},"end":{"line":23,"column":9}},"type":"if","locations":[{"start":{"line":21,"column":8},"end":{"line":23,"column":9}},{"start":{"line":21,"column":8},"end":{"line":23,"column":9}}],"line":21},"1":{"loc":{"start":{"line":24,"column":8},"end":{"line":26,"column":9}},"type":"if","locations":[{"start":{"line":24,"column":8},"end":{"line":26,"column":9}},{"start":{"line":24,"column":8},"end":{"line":26,"column":9}}],"line":24},"2":{"loc":{"start":{"line":39,"column":8},"end":{"line":41,"column":9}},"type":"if","locations":[{"start":{"line":39,"column":8},"end":{"line":41,"column":9}},{"start":{"line":39,"column":8},"end":{"line":41,"column":9}}],"line":39},"3":{"loc":{"start":{"line":42,"column":8},"end":{"line":44,"column":9}},"type":"if","locations":[{"start":{"line":42,"column":8},"end":{"line":44,"column":9}},{"start":{"line":42,"column":8},"end":{"line":44,"column":9}}],"line":42}},"s":{"0":3,"1":3,"2":3,"3":3,"4":3,"5":4,"6":4,"7":4,"8":1,"9":4,"10":3,"11":3,"12":5,"13":5,"14":5,"15":2,"16":5,"17":3,"18":3},"f":{"0":4,"1":4,"2":5,"3":5},"b":{"0":[1,3],"1":[3,1],"2":[2,3],"3":[3,2]},"_coverageSchema":"1a1c01bbd47fc00a2c39e90264f33305004495a9","hash":"40fe430931e5ab2b4520578d36eb34def64d8514"}
,"/home/submari/MielentilaTHL/mielentilatutkimus-thl/backend/tests/test_helper.js": {"path":"/home/submari/MielentilaTHL/mielentilatutkimus-thl/backend/tests/test_helper.js","statementMap":{"0":{"start":{"line":1,"column":22},"end":{"line":1,"column":65}},"1":{"start":{"line":2,"column":29},"end":{"line":2,"column":79}},"2":{"start":{"line":4,"column":29},"end":{"line":53,"column":1}},"3":{"start":{"line":55,"column":32},"end":{"line":61,"column":1}},"4":{"start":{"line":63,"column":23},"end":{"line":66,"column":1}},"5":{"start":{"line":64,"column":18},"end":{"line":64,"column":46}},"6":{"start":{"line":65,"column":4},"end":{"line":65,"column":37}},"7":{"start":{"line":65,"column":26},"end":{"line":65,"column":36}},"8":{"start":{"line":68,"column":19},"end":{"line":71,"column":1}},"9":{"start":{"line":69,"column":19},"end":{"line":69,"column":54}},"10":{"start":{"line":70,"column":4},"end":{"line":70,"column":38}},"11":{"start":{"line":70,"column":27},"end":{"line":70,"column":37}},"12":{"start":{"line":73,"column":0},"end":{"line":75,"column":1}}},"fnMap":{"0":{"name":"(anonymous_0)","decl":{"start":{"line":63,"column":23},"end":{"line":63,"column":24}},"loc":{"start":{"line":63,"column":35},"end":{"line":66,"column":1}},"line":63},"1":{"name":"(anonymous_1)","decl":{"start":{"line":65,"column":21},"end":{"line":65,"column":22}},"loc":{"start":{"line":65,"column":26},"end":{"line":65,"column":36}},"line":65},"2":{"name":"(anonymous_2)","decl":{"start":{"line":68,"column":19},"end":{"line":68,"column":20}},"loc":{"start":{"line":68,"column":31},"end":{"line":71,"column":1}},"line":68},"3":{"name":"(anonymous_3)","decl":{"start":{"line":70,"column":22},"end":{"line":70,"column":23}},"loc":{"start":{"line":70,"column":27},"end":{"line":70,"column":37}},"line":70}},"branchMap":{},"s":{"0":3,"1":3,"2":3,"3":3,"4":3,"5":8,"6":8,"7":9,"8":3,"9":4,"10":4,"11":4,"12":3},"f":{"0":8,"1":9,"2":4,"3":4},"b":{},"_coverageSchema":"1a1c01bbd47fc00a2c39e90264f33305004495a9","hash":"09f9f81398012b806106d8a128020b312bd24dad"}
}
