TN:
SF:app.js
FN:11,(anonymous_0)
FN:16,(anonymous_1)
FN:18,(anonymous_2)
FN:34,(anonymous_3)
FNF:4
FNH:2
FNDA:0,(anonymous_0)
FNDA:2,(anonymous_1)
FNDA:0,(anonymous_2)
FNDA:1,(anonymous_3)
DA:1,2
DA:2,2
DA:3,2
DA:4,2
DA:5,2
DA:6,2
DA:7,2
DA:9,2
DA:11,2
DA:13,2
DA:15,2
DA:16,2
DA:17,2
DA:19,0
DA:24,2
DA:27,2
DA:28,0
DA:31,2
DA:34,2
DA:36,2
LF:20
LH:18
BRDA:27,0,0,0
BRDA:27,0,1,2
BRF:2
BRH:1
end_of_record
TN:
SF:controllers/admissions.js
FN:11,(anonymous_0)
FN:13,(anonymous_1)
FN:16,(anonymous_2)
FN:17,(anonymous_3)
FN:18,(anonymous_4)
FN:18,(anonymous_5)
FN:21,(anonymous_6)
FN:46,(anonymous_7)
FN:101,(anonymous_8)
FN:109,(anonymous_9)
FN:171,(anonymous_10)
FNF:11
FNH:9
FNDA:1,(anonymous_0)
FNDA:1,(anonymous_1)
FNDA:2,(anonymous_2)
FNDA:0,(anonymous_3)
FNDA:2,(anonymous_4)
FNDA:1,(anonymous_5)
FNDA:2,(anonymous_6)
FNDA:1,(anonymous_7)
FNDA:1,(anonymous_8)
FNDA:3,(anonymous_9)
FNDA:0,(anonymous_10)
DA:1,2
DA:2,2
DA:4,2
DA:6,2
DA:8,2
DA:9,2
DA:11,2
DA:12,1
DA:13,1
DA:16,2
DA:17,2
DA:18,2
DA:21,2
DA:22,2
DA:24,2
DA:32,2
DA:33,2
DA:35,2
DA:46,2
DA:47,1
DA:49,1
DA:100,1
DA:102,1
DA:109,2
DA:110,3
DA:112,3
DA:163,3
DA:164,3
DA:166,3
DA:171,2
DA:173,0
DA:174,0
DA:175,0
DA:177,0
DA:178,0
DA:180,0
DA:182,0
DA:183,0
DA:187,2
LF:39
LH:31
BRF:0
BRH:0
end_of_record
TN:
SF:models/admissionForm.model.js
FN:56,(anonymous_0)
FNF:1
FNH:1
FNDA:14,(anonymous_0)
DA:1,3
DA:3,3
DA:55,3
DA:57,14
DA:58,14
DA:59,14
DA:63,3
LF:7
LH:7
BRF:0
BRH:0
end_of_record
TN:
SF:models/attachmentForm.model.js
FN:10,(anonymous_0)
FNF:1
FNH:0
FNDA:0,(anonymous_0)
DA:1,2
DA:3,2
DA:9,2
DA:11,0
DA:12,0
DA:13,0
DA:17,2
LF:7
LH:4
BRF:0
BRH:0
end_of_record
TN:
SF:models/basicInformationForm.model.js
FN:20,(anonymous_0)
FNF:1
FNH:1
FNDA:7,(anonymous_0)
DA:1,3
DA:3,3
DA:19,3
DA:21,7
DA:22,7
DA:23,7
DA:27,3
LF:7
LH:7
BRF:0
BRH:0
end_of_record
TN:
SF:services/attachment.js
FN:4,attachFile
FN:13,(anonymous_1)
FNF:2
FNH:0
FNDA:0,attachFile
FNDA:0,(anonymous_1)
DA:1,2
DA:2,2
DA:6,0
DA:13,0
DA:27,2
LF:5
LH:3
BRF:0
BRH:0
end_of_record
TN:
SF:services/mailer.js
FN:13,(anonymous_0)
FN:20,(anonymous_1)
FN:30,(anonymous_2)
FN:38,(anonymous_3)
FNF:4
FNH:4
FNDA:4,(anonymous_0)
FNDA:4,(anonymous_1)
FNDA:5,(anonymous_2)
FNDA:5,(anonymous_3)
DA:1,3
DA:2,3
DA:3,3
DA:6,3
DA:13,3
DA:14,4
DA:20,4
DA:21,4
DA:22,1
DA:24,4
DA:25,3
DA:30,3
DA:31,5
DA:38,5
DA:39,5
DA:40,2
DA:42,5
DA:43,3
DA:49,3
LF:19
LH:19
BRDA:21,0,0,1
BRDA:21,0,1,3
BRDA:24,1,0,3
BRDA:24,1,1,1
BRDA:39,2,0,2
BRDA:39,2,1,3
BRDA:42,3,0,3
BRDA:42,3,1,2
BRF:8
BRH:8
end_of_record
TN:
SF:tests/test_helper.js
FN:63,(anonymous_0)
FN:65,(anonymous_1)
FN:68,(anonymous_2)
FN:70,(anonymous_3)
FNF:4
FNH:4
FNDA:8,(anonymous_0)
FNDA:9,(anonymous_1)
FNDA:4,(anonymous_2)
FNDA:4,(anonymous_3)
DA:1,3
DA:2,3
DA:4,3
DA:55,3
DA:63,3
DA:64,8
DA:65,9
DA:68,3
DA:69,4
DA:70,4
DA:73,3
LF:11
LH:11
BRF:0
BRH:0
end_of_record
